<?xml version="1.0" encoding="UTF-8"?>
<testng-results skipped="0" failed="0" ignored="0" total="1" passed="1">
  <reporter-output>
  </reporter-output>
  <suite name="com.blusmart.driver.TestRunner" duration-ms="4131" started-at="2022-04-17T16:24:05 IST" finished-at="2022-04-17T16:24:09 IST">
    <groups>
      <group name="cucumber">
        <method signature="TestRunner.feature(cucumber.api.testng.CucumberFeatureWrapper)[pri:0, instance:com.blusmart.driver.TestRunner@d44fc21]" name="feature" class="com.blusmart.driver.TestRunner"/>
      </group> <!-- cucumber -->
    </groups>
    <test name="Command line test" duration-ms="4131" started-at="2022-04-17T16:24:05 IST" finished-at="2022-04-17T16:24:09 IST">
      <class name="com.blusmart.driver.TestRunner">
        <test-method status="PASS" signature="setUpCucumber()[pri:0, instance:com.blusmart.driver.TestRunner@d44fc21]" name="setUpCucumber" is-config="true" duration-ms="101" started-at="2022-04-17T16:24:05 IST" finished-at="2022-04-17T16:24:05 IST">
          <reporter-output>
          </reporter-output>
        </test-method> <!-- setUpCucumber -->
        <test-method status="PASS" signature="feature(cucumber.api.testng.CucumberFeatureWrapper)[pri:0, instance:com.blusmart.driver.TestRunner@d44fc21]" name="feature" duration-ms="3960" started-at="2022-04-17T16:24:05 IST" description="Runs Cucumber Feature" data-provider="features" finished-at="2022-04-17T16:24:09 IST">
          <params>
            <param index="0">
              <value>
                <![CDATA[Api Testing]]>
              </value>
            </param>
          </params>
          <reporter-output>
          </reporter-output>
        </test-method> <!-- feature -->
        <test-method status="PASS" signature="tearDownClass()[pri:0, instance:com.blusmart.driver.TestRunner@d44fc21]" name="tearDownClass" is-config="true" duration-ms="6" started-at="2022-04-17T16:24:09 IST" finished-at="2022-04-17T16:24:09 IST">
          <reporter-output>
          </reporter-output>
        </test-method> <!-- tearDownClass -->
      </class> <!-- com.blusmart.driver.TestRunner -->
    </test> <!-- Command line test -->
  </suite> <!-- com.blusmart.driver.TestRunner -->
</testng-results>
